Build started 21.12.2015 20:27:20.
     1>Project "C:\Users\ZORG\Documents\GitHub\mp2-lab3-lists-stack\sln\lab3_postfix\postfix_lib\postfix_lib.vcxproj" on node 2 (rebuild target(s)).
     1>_PrepareForClean:
         Deleting file "Release\postfix_lib.lastbuildstate".
       InitializeBuildStatus:
         Creating "Release\postfix_lib.unsuccessfulbuild" because "AlwaysCreate" was specified.
       ClCompile:
         D:\Program\vs10\VC\bin\CL.exe /c /I..\..\..\include /I..\..\..\src /Zi /nologo /W3 /WX- /O2 /Oi /Oy- /GL /D WIN32 /D NDEBUG /D _LIB /D _UNICODE /D UNICODE /Gm- /EHsc /MD /GS /Gy /fp:precise /Zc:wchar_t /Zc:forScope /Fo"Release\\" /Fd"Release\vc100.pdb" /Gd /TP /analyze- /errorReport:prompt ..\..\..\src\list.cpp ..\..\..\src\stack.cpp
         list.cpp
         stack.cpp
       Lib:
         D:\Program\vs10\VC\bin\Lib.exe /OUT:"C:\Users\ZORG\Documents\GitHub\mp2-lab3-lists-stack\sln\lab3_postfix\Release\postfix_lib.lib" /NOLOGO /LTCG Release\list.obj
         Release\stack.obj
         postfix_lib.vcxproj -> C:\Users\ZORG\Documents\GitHub\mp2-lab3-lists-stack\sln\lab3_postfix\Release\postfix_lib.lib
       FinalizeBuildStatus:
         Deleting file "Release\postfix_lib.unsuccessfulbuild".
         Touching "Release\postfix_lib.lastbuildstate".
     1>Done Building Project "C:\Users\ZORG\Documents\GitHub\mp2-lab3-lists-stack\sln\lab3_postfix\postfix_lib\postfix_lib.vcxproj" (rebuild target(s)).

Build succeeded.

Time Elapsed 00:00:00.60
