Build started 21.12.2015 20:27:20.
     1>Project "C:\Users\ZORG\Documents\GitHub\mp2-lab3-lists-stack\sln\lab3_postfix\sample_stack\sample_stack.vcxproj" on node 2 (rebuild target(s)).
     1>_PrepareForClean:
         Deleting file "Release\sample_stack.lastbuildstate".
       InitializeBuildStatus:
         Creating "Release\sample_stack.unsuccessfulbuild" because "AlwaysCreate" was specified.
       ClCompile:
         D:\Program\vs10\VC\bin\CL.exe /c /I../../../include /Zi /nologo /W3 /WX- /O2 /Oi /Oy- /GL /D WIN32 /D NDEBUG /D _CONSOLE /D _UNICODE /D UNICODE /Gm- /EHsc /MD /GS /Gy /fp:precise /Zc:wchar_t /Zc:forScope /Fo"Release\\" /Fd"Release\vc100.pdb" /Gd /TP /analyze- /errorReport:prompt ..\..\..\samples\sample_stack.cpp
         sample_stack.cpp
       Link:
         D:\Program\vs10\VC\bin\link.exe /ERRORREPORT:PROMPT /OUT:"C:\Users\ZORG\Documents\GitHub\mp2-lab3-lists-stack\sln\lab3_postfix\Release\sample_stack.exe" /INCREMENTAL:NO /NOLOGO /LIBPATH:../Release kernel32.lib user32.lib gdi32.lib winspool.lib comdlg32.lib advapi32.lib shell32.lib ole32.lib oleaut32.lib uuid.lib odbc32.lib odbccp32.lib /MANIFEST /ManifestFile:"Release\sample_stack.exe.intermediate.manifest" /MANIFESTUAC:"level='asInvoker' uiAccess='false'" /DEBUG /PDB:"C:\Users\ZORG\Documents\GitHub\mp2-lab3-lists-stack\sln\lab3_postfix\Release\sample_stack.pdb" /SUBSYSTEM:CONSOLE /OPT:REF /OPT:ICF /LTCG /TLBID:1 /DYNAMICBASE /NXCOMPAT /IMPLIB:"C:\Users\ZORG\Documents\GitHub\mp2-lab3-lists-stack\sln\lab3_postfix\Release\sample_stack.lib" /MACHINE:X86 Release\sample_stack.obj
         Generating code
         Finished generating code
         sample_stack.vcxproj -> C:\Users\ZORG\Documents\GitHub\mp2-lab3-lists-stack\sln\lab3_postfix\Release\sample_stack.exe
       Manifest:
         C:\Program Files (x86)\Microsoft SDKs\Windows\v7.0A\bin\mt.exe /nologo /verbose /outputresource:"C:\Users\ZORG\Documents\GitHub\mp2-lab3-lists-stack\sln\lab3_postfix\Release\sample_stack.exe;#1" /manifest Release\sample_stack.exe.intermediate.manifest
       FinalizeBuildStatus:
         Deleting file "Release\sample_stack.unsuccessfulbuild".
         Touching "Release\sample_stack.lastbuildstate".
     1>Done Building Project "C:\Users\ZORG\Documents\GitHub\mp2-lab3-lists-stack\sln\lab3_postfix\sample_stack\sample_stack.vcxproj" (rebuild target(s)).

Build succeeded.

Time Elapsed 00:00:00.61
